<?xml version="1.0" encoding="UTF-8"?>
<testsuite name="dev.voidpulsar.lc_claim_economy.service.WarDeclarationWindowTest" tests="14" skipped="0" failures="0" errors="0" timestamp="2026-08-28T18:54:19.677Z" hostname="VOIDPULSARYT" time="0.02">
  <properties/>
  <testcase name="isOpen_justBeforeEnd_isOpen()" classname="dev.voidpulsar.lc_claim_economy.service.WarDeclarationWindowTest" time="0.004"/>
  <testcase name="isOpen_atExactStart_isOpen()" classname="dev.voidpulsar.lc_claim_economy.service.WarDeclarationWindowTest" time="0.001"/>
  <testcase name="parseDay_invalidOrNull_usesFallback()" classname="dev.voidpulsar.lc_claim_economy.service.WarDeclarationWindowTest" time="0.003"/>
  <testcase name="isOpen_outsideWindow_isClosed()" classname="dev.voidpulsar.lc_claim_economy.service.WarDeclarationWindowTest" time="0.001"/>
  <testcase name="isOpen_wrappingWindow_atExactEnd_isClosed()" classname="dev.voidpulsar.lc_claim_economy.service.WarDeclarationWindowTest" time="0.001"/>
  <testcase name="isOpen_middleOfWindow_isOpen()" classname="dev.voidpulsar.lc_claim_economy.service.WarDeclarationWindowTest" time="0.001"/>
  <testcase name="isOpen_justBeforeStart_isClosed()" classname="dev.voidpulsar.lc_claim_economy.service.WarDeclarationWindowTest" time="0.001"/>
  <testcase name="isOpen_wrappingWindow_openJustAfterWeekBoundary()" classname="dev.voidpulsar.lc_claim_economy.service.WarDeclarationWindowTest" time="0.001"/>
  <testcase name="isOpen_atExactEnd_isClosed()" classname="dev.voidpulsar.lc_claim_economy.service.WarDeclarationWindowTest" time="0.0"/>
  <testcase name="isOpen_startEqualsEnd_alwaysOpen()" classname="dev.voidpulsar.lc_claim_economy.service.WarDeclarationWindowTest" time="0.0"/>
  <testcase name="isOpen_wrappingWindow_closedOnWeekend()" classname="dev.voidpulsar.lc_claim_economy.service.WarDeclarationWindowTest" time="0.0"/>
  <testcase name="parseDay_validName_caseInsensitive()" classname="dev.voidpulsar.lc_claim_economy.service.WarDeclarationWindowTest" time="0.0"/>
  <testcase name="isOpen_wrappingWindow_openMidweek()" classname="dev.voidpulsar.lc_claim_economy.service.WarDeclarationWindowTest" time="0.0"/>
  <testcase name="isOpen_wrappingWindow_atExactStart_isOpen()" classname="dev.voidpulsar.lc_claim_economy.service.WarDeclarationWindowTest" time="0.001"/>
  <system-out><![CDATA[]]></system-out>
  <system-err><![CDATA[]]></system-err>
</testsuite>
